0 info it worked if it ends with ok
1 verbose cli [ '/usr/local/bin/node', '/usr/local/bin/npm', 'start' ]
2 info using npm@3.10.9
3 info using node@v6.9.2
4 verbose run-script [ 'prestart', 'start', 'poststart' ]
5 info lifecycle allaboard@1.0.0~prestart: allaboard@1.0.0
6 silly lifecycle allaboard@1.0.0~prestart: no script for prestart, continuing
7 info lifecycle allaboard@1.0.0~start: allaboard@1.0.0
8 verbose lifecycle allaboard@1.0.0~start: unsafe-perm in lifecycle true
9 verbose lifecycle allaboard@1.0.0~start: PATH: /usr/local/lib/node_modules/npm/bin/node-gyp-bin:/Users/admin/AllAboard/node_modules/.bin:/Users/admin/.npm-global/bin:/Users/admin/.npm-global/bin:/usr/local/bin:/usr/bin:/bin:/usr/sbin:/sbin:/usr/local/go/bin:/Users/admin/.rvm/bin:/Users/admin/go/bin:/Users/admin/go/bin:/Users/admin/go/bin
10 verbose lifecycle allaboard@1.0.0~start: CWD: /Users/admin/AllAboard
11 silly lifecycle allaboard@1.0.0~start: Args: [ '-c', 'SET NODE_ENV=dev && node server.js' ]
12 info lifecycle allaboard@1.0.0~start: Failed to exec start script
13 verbose stack Error: allaboard@1.0.0 start: `SET NODE_ENV=dev && node server.js`
13 verbose stack spawn ENOENT
13 verbose stack     at ChildProcess.<anonymous> (/usr/local/lib/node_modules/npm/lib/utils/spawn.js:33:16)
13 verbose stack     at emitTwo (events.js:106:13)
13 verbose stack     at ChildProcess.emit (events.js:191:7)
13 verbose stack     at maybeClose (internal/child_process.js:877:16)
13 verbose stack     at Process.ChildProcess._handle.onexit (internal/child_process.js:226:5)
14 verbose pkgid allaboard@1.0.0
15 verbose cwd /Users/admin/AllAboard
16 error Darwin 15.3.0
17 error argv "/usr/local/bin/node" "/usr/local/bin/npm" "start"
18 error node v6.9.2
19 error npm  v3.10.9
20 error file sh
21 error code ELIFECYCLE
22 error errno ENOENT
23 error syscall spawn
24 error allaboard@1.0.0 start: `SET NODE_ENV=dev && node server.js`
24 error spawn ENOENT
25 error Failed at the allaboard@1.0.0 start script 'SET NODE_ENV=dev && node server.js'.
25 error Make sure you have the latest version of node.js and npm installed.
25 error If you do, this is most likely a problem with the allaboard package,
25 error not with npm itself.
25 error Tell the author that this fails on your system:
25 error     SET NODE_ENV=dev && node server.js
25 error You can get information on how to open an issue for this project with:
25 error     npm bugs allaboard
25 error Or if that isn't available, you can get their info via:
25 error     npm owner ls allaboard
25 error There is likely additional logging output above.
26 verbose exit [ 1, true ]
